[27-Apr-2019 12:19:02 UTC] PHP Notice:  Функция has_cap вызвана с аргументом, который <strong>считается устаревшим</strong> с версии 2.0.0! Использование уровней для пользователей устарело. Используйте возможности.. in /var/www/u0352628/public_html/wizardduos.ru/wp-includes/functions.php on line 4115
[27-Apr-2019 12:19:02 UTC] PHP Notice:  Функция has_cap вызвана с аргументом, который <strong>считается устаревшим</strong> с версии 2.0.0! Использование уровней для пользователей устарело. Используйте возможности.. in /var/www/u0352628/public_html/wizardduos.ru/wp-includes/functions.php on line 4115
[27-Apr-2019 12:19:06 UTC] PHP Notice:  Функция has_cap вызвана с аргументом, который <strong>считается устаревшим</strong> с версии 2.0.0! Использование уровней для пользователей устарело. Используйте возможности.. in /var/www/u0352628/public_html/wizardduos.ru/wp-includes/functions.php on line 4115
[27-Apr-2019 12:19:08 UTC] PHP Notice:  Функция has_cap вызвана с аргументом, который <strong>считается устаревшим</strong> с версии 2.0.0! Использование уровней для пользователей устарело. Используйте возможности.. in /var/www/u0352628/public_html/wizardduos.ru/wp-includes/functions.php on line 4115
[27-Apr-2019 12:19:10 UTC] PHP Notice:  Функция has_cap вызвана с аргументом, который <strong>считается устаревшим</strong> с версии 2.0.0! Использование уровней для пользователей устарело. Используйте возможности.. in /var/www/u0352628/public_html/wizardduos.ru/wp-includes/functions.php on line 4115
[27-Apr-2019 12:19:11 UTC] PHP Notice:  Функция has_cap вызвана с аргументом, который <strong>считается устаревшим</strong> с версии 2.0.0! Использование уровней для пользователей устарело. Используйте возможности.. in /var/www/u0352628/public_html/wizardduos.ru/wp-includes/functions.php on line 4115
[27-Apr-2019 12:20:00 UTC] PHP Notice:  Функция has_cap вызвана с аргументом, который <strong>считается устаревшим</strong> с версии 2.0.0! Использование уровней для пользователей устарело. Используйте возможности.. in /var/www/u0352628/public_html/wizardduos.ru/wp-includes/functions.php on line 4115
[27-Apr-2019 12:20:00 UTC] PHP Notice:  Функция has_cap вызвана с аргументом, который <strong>считается устаревшим</strong> с версии 2.0.0! Использование уровней для пользователей устарело. Используйте возможности.. in /var/www/u0352628/public_html/wizardduos.ru/wp-includes/functions.php on line 4115
[27-Apr-2019 12:20:08 UTC] PHP Notice:  Функция has_cap вызвана с аргументом, который <strong>считается устаревшим</strong> с версии 2.0.0! Использование уровней для пользователей устарело. Используйте возможности.. in /var/www/u0352628/public_html/wizardduos.ru/wp-includes/functions.php on line 4115
[27-Apr-2019 12:20:08 UTC] PHP Notice:  Функция has_cap вызвана с аргументом, который <strong>считается устаревшим</strong> с версии 2.0.0! Использование уровней для пользователей устарело. Используйте возможности.. in /var/www/u0352628/public_html/wizardduos.ru/wp-includes/functions.php on line 4115
[27-Apr-2019 12:20:19 UTC] PHP Notice:  Функция has_cap вызвана с аргументом, который <strong>считается устаревшим</strong> с версии 2.0.0! Использование уровней для пользователей устарело. Используйте возможности.. in /var/www/u0352628/public_html/wizardduos.ru/wp-includes/functions.php on line 4115
[27-Apr-2019 12:20:21 UTC] PHP Notice:  Функция has_cap вызвана с аргументом, который <strong>считается устаревшим</strong> с версии 2.0.0! Использование уровней для пользователей устарело. Используйте возможности.. in /var/www/u0352628/public_html/wizardduos.ru/wp-includes/functions.php on line 4115
[27-Apr-2019 12:20:31 UTC] PHP Notice:  Функция has_cap вызвана с аргументом, который <strong>считается устаревшим</strong> с версии 2.0.0! Использование уровней для пользователей устарело. Используйте возможности.. in /var/www/u0352628/public_html/wizardduos.ru/wp-includes/functions.php on line 4115
[27-Apr-2019 12:20:32 UTC] PHP Notice:  Функция has_cap вызвана с аргументом, который <strong>считается устаревшим</strong> с версии 2.0.0! Использование уровней для пользователей устарело. Используйте возможности.. in /var/www/u0352628/public_html/wizardduos.ru/wp-includes/functions.php on line 4115
[27-Apr-2019 12:20:37 UTC] PHP Notice:  Функция has_cap вызвана с аргументом, который <strong>считается устаревшим</strong> с версии 2.0.0! Использование уровней для пользователей устарело. Используйте возможности.. in /var/www/u0352628/public_html/wizardduos.ru/wp-includes/functions.php on line 4115
[27-Apr-2019 12:20:37 UTC] PHP Notice:  Функция has_cap вызвана с аргументом, который <strong>считается устаревшим</strong> с версии 2.0.0! Использование уровней для пользователей устарело. Используйте возможности.. in /var/www/u0352628/public_html/wizardduos.ru/wp-includes/functions.php on line 4115
[27-Apr-2019 12:20:45 UTC] PHP Notice:  Функция has_cap вызвана с аргументом, который <strong>считается устаревшим</strong> с версии 2.0.0! Использование уровней для пользователей устарело. Используйте возможности.. in /var/www/u0352628/public_html/wizardduos.ru/wp-includes/functions.php on line 4115
[27-Apr-2019 12:20:45 UTC] PHP Notice:  Функция has_cap вызвана с аргументом, который <strong>считается устаревшим</strong> с версии 2.0.0! Использование уровней для пользователей устарело. Используйте возможности.. in /var/www/u0352628/public_html/wizardduos.ru/wp-includes/functions.php on line 4115
[27-Apr-2019 12:20:48 UTC] PHP Notice:  Функция has_cap вызвана с аргументом, который <strong>считается устаревшим</strong> с версии 2.0.0! Использование уровней для пользователей устарело. Используйте возможности.. in /var/www/u0352628/public_html/wizardduos.ru/wp-includes/functions.php on line 4115
[27-Apr-2019 12:20:48 UTC] PHP Notice:  Функция has_cap вызвана с аргументом, который <strong>считается устаревшим</strong> с версии 2.0.0! Использование уровней для пользователей устарело. Используйте возможности.. in /var/www/u0352628/public_html/wizardduos.ru/wp-includes/functions.php on line 4115
[27-Apr-2019 12:20:53 UTC] PHP Notice:  Функция has_cap вызвана с аргументом, который <strong>считается устаревшим</strong> с версии 2.0.0! Использование уровней для пользователей устарело. Используйте возможности.. in /var/www/u0352628/public_html/wizardduos.ru/wp-includes/functions.php on line 4115
[27-Apr-2019 12:20:53 UTC] PHP Notice:  Функция has_cap вызвана с аргументом, который <strong>считается устаревшим</strong> с версии 2.0.0! Использование уровней для пользователей устарело. Используйте возможности.. in /var/www/u0352628/public_html/wizardduos.ru/wp-includes/functions.php on line 4115
[27-Apr-2019 12:20:57 UTC] PHP Notice:  Функция has_cap вызвана с аргументом, который <strong>считается устаревшим</strong> с версии 2.0.0! Использование уровней для пользователей устарело. Используйте возможности.. in /var/www/u0352628/public_html/wizardduos.ru/wp-includes/functions.php on line 4115
[27-Apr-2019 12:20:57 UTC] PHP Notice:  Функция has_cap вызвана с аргументом, который <strong>считается устаревшим</strong> с версии 2.0.0! Использование уровней для пользователей устарело. Используйте возможности.. in /var/www/u0352628/public_html/wizardduos.ru/wp-includes/functions.php on line 4115
[27-Apr-2019 12:21:02 UTC] PHP Notice:  Функция has_cap вызвана с аргументом, который <strong>считается устаревшим</strong> с версии 2.0.0! Использование уровней для пользователей устарело. Используйте возможности.. in /var/www/u0352628/public_html/wizardduos.ru/wp-includes/functions.php on line 4115
[27-Apr-2019 12:21:02 UTC] PHP Notice:  Функция has_cap вызвана с аргументом, который <strong>считается устаревшим</strong> с версии 2.0.0! Использование уровней для пользователей устарело. Используйте возможности.. in /var/www/u0352628/public_html/wizardduos.ru/wp-includes/functions.php on line 4115
[27-Apr-2019 12:21:05 UTC] PHP Notice:  Функция has_cap вызвана с аргументом, который <strong>считается устаревшим</strong> с версии 2.0.0! Использование уровней для пользователей устарело. Используйте возможности.. in /var/www/u0352628/public_html/wizardduos.ru/wp-includes/functions.php on line 4115
[27-Apr-2019 12:21:05 UTC] PHP Notice:  Функция has_cap вызвана с аргументом, который <strong>считается устаревшим</strong> с версии 2.0.0! Использование уровней для пользователей устарело. Используйте возможности.. in /var/www/u0352628/public_html/wizardduos.ru/wp-includes/functions.php on line 4115
[27-Apr-2019 12:21:28 UTC] PHP Notice:  Функция has_cap вызвана с аргументом, который <strong>считается устаревшим</strong> с версии 2.0.0! Использование уровней для пользователей устарело. Используйте возможности.. in /var/www/u0352628/public_html/wizardduos.ru/wp-includes/functions.php on line 4115
[27-Apr-2019 12:21:28 UTC] PHP Notice:  Функция has_cap вызвана с аргументом, который <strong>считается устаревшим</strong> с версии 2.0.0! Использование уровней для пользователей устарело. Используйте возможности.. in /var/www/u0352628/public_html/wizardduos.ru/wp-includes/functions.php on line 4115
[27-Apr-2019 12:21:28 UTC] PHP Notice:  Функция has_cap вызвана с аргументом, который <strong>считается устаревшим</strong> с версии 2.0.0! Использование уровней для пользователей устарело. Используйте возможности.. in /var/www/u0352628/public_html/wizardduos.ru/wp-includes/functions.php on line 4115
[27-Apr-2019 12:22:09 UTC] PHP Notice:  Функция has_cap вызвана с аргументом, который <strong>считается устаревшим</strong> с версии 2.0.0! Использование уровней для пользователей устарело. Используйте возможности.. in /var/www/u0352628/public_html/wizardduos.ru/wp-includes/functions.php on line 4115
[27-Apr-2019 12:22:10 UTC] PHP Notice:  Функция has_cap вызвана с аргументом, который <strong>считается устаревшим</strong> с версии 2.0.0! Использование уровней для пользователей устарело. Используйте возможности.. in /var/www/u0352628/public_html/wizardduos.ru/wp-includes/functions.php on line 4115
[27-Apr-2019 12:22:10 UTC] PHP Notice:  Функция has_cap вызвана с аргументом, который <strong>считается устаревшим</strong> с версии 2.0.0! Использование уровней для пользователей устарело. Используйте возможности.. in /var/www/u0352628/public_html/wizardduos.ru/wp-includes/functions.php on line 4115
[27-Apr-2019 12:22:13 UTC] PHP Notice:  Функция has_cap вызвана с аргументом, который <strong>считается устаревшим</strong> с версии 2.0.0! Использование уровней для пользователей устарело. Используйте возможности.. in /var/www/u0352628/public_html/wizardduos.ru/wp-includes/functions.php on line 4115
[27-Apr-2019 12:22:13 UTC] PHP Notice:  Функция has_cap вызвана с аргументом, который <strong>считается устаревшим</strong> с версии 2.0.0! Использование уровней для пользователей устарело. Используйте возможности.. in /var/www/u0352628/public_html/wizardduos.ru/wp-includes/functions.php on line 4115
[27-Apr-2019 12:22:18 UTC] PHP Notice:  Функция has_cap вызвана с аргументом, который <strong>считается устаревшим</strong> с версии 2.0.0! Использование уровней для пользователей устарело. Используйте возможности.. in /var/www/u0352628/public_html/wizardduos.ru/wp-includes/functions.php on line 4115
[27-Apr-2019 12:22:18 UTC] PHP Notice:  Функция has_cap вызвана с аргументом, который <strong>считается устаревшим</strong> с версии 2.0.0! Использование уровней для пользователей устарело. Используйте возможности.. in /var/www/u0352628/public_html/wizardduos.ru/wp-includes/functions.php on line 4115
[27-Apr-2019 12:22:24 UTC] PHP Notice:  Функция has_cap вызвана с аргументом, который <strong>считается устаревшим</strong> с версии 2.0.0! Использование уровней для пользователей устарело. Используйте возможности.. in /var/www/u0352628/public_html/wizardduos.ru/wp-includes/functions.php on line 4115
[27-Apr-2019 12:22:24 UTC] PHP Notice:  Функция has_cap вызвана с аргументом, который <strong>считается устаревшим</strong> с версии 2.0.0! Использование уровней для пользователей устарело. Используйте возможности.. in /var/www/u0352628/public_html/wizardduos.ru/wp-includes/functions.php on line 4115
[27-Apr-2019 12:22:26 UTC] PHP Notice:  Функция has_cap вызвана с аргументом, который <strong>считается устаревшим</strong> с версии 2.0.0! Использование уровней для пользователей устарело. Используйте возможности.. in /var/www/u0352628/public_html/wizardduos.ru/wp-includes/functions.php on line 4115
[27-Apr-2019 12:22:26 UTC] PHP Notice:  Функция has_cap вызвана с аргументом, который <strong>считается устаревшим</strong> с версии 2.0.0! Использование уровней для пользователей устарело. Используйте возможности.. in /var/www/u0352628/public_html/wizardduos.ru/wp-includes/functions.php on line 4115
[27-Apr-2019 12:22:31 UTC] PHP Notice:  Функция has_cap вызвана с аргументом, который <strong>считается устаревшим</strong> с версии 2.0.0! Использование уровней для пользователей устарело. Используйте возможности.. in /var/www/u0352628/public_html/wizardduos.ru/wp-includes/functions.php on line 4115
[27-Apr-2019 12:22:31 UTC] PHP Notice:  Функция has_cap вызвана с аргументом, который <strong>считается устаревшим</strong> с версии 2.0.0! Использование уровней для пользователей устарело. Используйте возможности.. in /var/www/u0352628/public_html/wizardduos.ru/wp-includes/functions.php on line 4115
[27-Apr-2019 12:22:34 UTC] PHP Notice:  Функция has_cap вызвана с аргументом, который <strong>считается устаревшим</strong> с версии 2.0.0! Использование уровней для пользователей устарело. Используйте возможности.. in /var/www/u0352628/public_html/wizardduos.ru/wp-includes/functions.php on line 4115
[27-Apr-2019 12:22:35 UTC] PHP Notice:  Функция has_cap вызвана с аргументом, который <strong>считается устаревшим</strong> с версии 2.0.0! Использование уровней для пользователей устарело. Используйте возможности.. in /var/www/u0352628/public_html/wizardduos.ru/wp-includes/functions.php on line 4115
[27-Apr-2019 12:22:44 UTC] PHP Notice:  Функция has_cap вызвана с аргументом, который <strong>считается устаревшим</strong> с версии 2.0.0! Использование уровней для пользователей устарело. Используйте возможности.. in /var/www/u0352628/public_html/wizardduos.ru/wp-includes/functions.php on line 4115
[27-Apr-2019 12:22:44 UTC] PHP Notice:  Функция has_cap вызвана с аргументом, который <strong>считается устаревшим</strong> с версии 2.0.0! Использование уровней для пользователей устарело. Используйте возможности.. in /var/www/u0352628/public_html/wizardduos.ru/wp-includes/functions.php on line 4115
[27-Apr-2019 12:22:52 UTC] PHP Notice:  Функция has_cap вызвана с аргументом, который <strong>считается устаревшим</strong> с версии 2.0.0! Использование уровней для пользователей устарело. Используйте возможности.. in /var/www/u0352628/public_html/wizardduos.ru/wp-includes/functions.php on line 4115
[27-Apr-2019 12:22:52 UTC] PHP Notice:  Функция has_cap вызвана с аргументом, который <strong>считается устаревшим</strong> с версии 2.0.0! Использование уровней для пользователей устарело. Используйте возможности.. in /var/www/u0352628/public_html/wizardduos.ru/wp-includes/functions.php on line 4115
[27-Apr-2019 12:22:59 UTC] PHP Notice:  Функция has_cap вызвана с аргументом, который <strong>считается устаревшим</strong> с версии 2.0.0! Использование уровней для пользователей устарело. Используйте возможности.. in /var/www/u0352628/public_html/wizardduos.ru/wp-includes/functions.php on line 4115
[27-Apr-2019 12:22:59 UTC] PHP Notice:  Функция has_cap вызвана с аргументом, который <strong>считается устаревшим</strong> с версии 2.0.0! Использование уровней для пользователей устарело. Используйте возможности.. in /var/www/u0352628/public_html/wizardduos.ru/wp-includes/functions.php on line 4115
[27-Apr-2019 12:23:00 UTC] PHP Notice:  Функция has_cap вызвана с аргументом, который <strong>считается устаревшим</strong> с версии 2.0.0! Использование уровней для пользователей устарело. Используйте возможности.. in /var/www/u0352628/public_html/wizardduos.ru/wp-includes/functions.php on line 4115
[27-Apr-2019 12:25:01 UTC] PHP Notice:  Undefined variable: loc in /var/www/u0352628/public_html/wizardduos.ru/wp-content/themes/eddiemachado-bones-611c04e/functions.php on line 269
[27-Apr-2019 12:25:34 UTC] PHP Notice:  Функция has_cap вызвана с аргументом, который <strong>считается устаревшим</strong> с версии 2.0.0! Использование уровней для пользователей устарело. Используйте возможности.. in /var/www/u0352628/public_html/wizardduos.ru/wp-includes/functions.php on line 4115
[27-Apr-2019 12:25:34 UTC] PHP Notice:  Функция has_cap вызвана с аргументом, который <strong>считается устаревшим</strong> с версии 2.0.0! Использование уровней для пользователей устарело. Используйте возможности.. in /var/www/u0352628/public_html/wizardduos.ru/wp-includes/functions.php on line 4115
[27-Apr-2019 12:25:37 UTC] PHP Notice:  Функция has_cap вызвана с аргументом, который <strong>считается устаревшим</strong> с версии 2.0.0! Использование уровней для пользователей устарело. Используйте возможности.. in /var/www/u0352628/public_html/wizardduos.ru/wp-includes/functions.php on line 4115
[27-Apr-2019 12:25:39 UTC] PHP Notice:  Функция has_cap вызвана с аргументом, который <strong>считается устаревшим</strong> с версии 2.0.0! Использование уровней для пользователей устарело. Используйте возможности.. in /var/www/u0352628/public_html/wizardduos.ru/wp-includes/functions.php on line 4115
[27-Apr-2019 12:25:42 UTC] PHP Notice:  Функция has_cap вызвана с аргументом, который <strong>считается устаревшим</strong> с версии 2.0.0! Использование уровней для пользователей устарело. Используйте возможности.. in /var/www/u0352628/public_html/wizardduos.ru/wp-includes/functions.php on line 4115
[27-Apr-2019 12:25:43 UTC] PHP Notice:  Функция has_cap вызвана с аргументом, который <strong>считается устаревшим</strong> с версии 2.0.0! Использование уровней для пользователей устарело. Используйте возможности.. in /var/www/u0352628/public_html/wizardduos.ru/wp-includes/functions.php on line 4115
[27-Apr-2019 12:25:50 UTC] PHP Notice:  Функция has_cap вызвана с аргументом, который <strong>считается устаревшим</strong> с версии 2.0.0! Использование уровней для пользователей устарело. Используйте возможности.. in /var/www/u0352628/public_html/wizardduos.ru/wp-includes/functions.php on line 4115
[27-Apr-2019 12:25:50 UTC] PHP Notice:  Функция has_cap вызвана с аргументом, который <strong>считается устаревшим</strong> с версии 2.0.0! Использование уровней для пользователей устарело. Используйте возможности.. in /var/www/u0352628/public_html/wizardduos.ru/wp-includes/functions.php on line 4115
[27-Apr-2019 12:26:17 UTC] PHP Notice:  Функция has_cap вызвана с аргументом, который <strong>считается устаревшим</strong> с версии 2.0.0! Использование уровней для пользователей устарело. Используйте возможности.. in /var/www/u0352628/public_html/wizardduos.ru/wp-includes/functions.php on line 4115
[27-Apr-2019 12:26:17 UTC] PHP Notice:  Функция has_cap вызвана с аргументом, который <strong>считается устаревшим</strong> с версии 2.0.0! Использование уровней для пользователей устарело. Используйте возможности.. in /var/www/u0352628/public_html/wizardduos.ru/wp-includes/functions.php on line 4115
[27-Apr-2019 12:26:20 UTC] PHP Notice:  Функция has_cap вызвана с аргументом, который <strong>считается устаревшим</strong> с версии 2.0.0! Использование уровней для пользователей устарело. Используйте возможности.. in /var/www/u0352628/public_html/wizardduos.ru/wp-includes/functions.php on line 4115
[27-Apr-2019 12:26:20 UTC] PHP Notice:  Функция has_cap вызвана с аргументом, который <strong>считается устаревшим</strong> с версии 2.0.0! Использование уровней для пользователей устарело. Используйте возможности.. in /var/www/u0352628/public_html/wizardduos.ru/wp-includes/functions.php on line 4115
[27-Apr-2019 12:28:36 UTC] PHP Notice:  Undefined index: mci_magic in /var/www/u0352628/public_html/wizardduos.ru/wp-content/themes/eddiemachado-bones-611c04e/upload-template.php on line 17
[27-Apr-2019 12:29:27 UTC] PHP Notice:  Функция has_cap вызвана с аргументом, который <strong>считается устаревшим</strong> с версии 2.0.0! Использование уровней для пользователей устарело. Используйте возможности.. in /var/www/u0352628/public_html/wizardduos.ru/wp-includes/functions.php on line 4115
[27-Apr-2019 12:29:27 UTC] PHP Notice:  Функция has_cap вызвана с аргументом, который <strong>считается устаревшим</strong> с версии 2.0.0! Использование уровней для пользователей устарело. Используйте возможности.. in /var/www/u0352628/public_html/wizardduos.ru/wp-includes/functions.php on line 4115
[27-Apr-2019 12:29:43 UTC] PHP Notice:  Функция has_cap вызвана с аргументом, который <strong>считается устаревшим</strong> с версии 2.0.0! Использование уровней для пользователей устарело. Используйте возможности.. in /var/www/u0352628/public_html/wizardduos.ru/wp-includes/functions.php on line 4115
[27-Apr-2019 12:29:45 UTC] PHP Notice:  Функция has_cap вызвана с аргументом, который <strong>считается устаревшим</strong> с версии 2.0.0! Использование уровней для пользователей устарело. Используйте возможности.. in /var/www/u0352628/public_html/wizardduos.ru/wp-includes/functions.php on line 4115
[27-Apr-2019 12:29:47 UTC] PHP Notice:  Функция has_cap вызвана с аргументом, который <strong>считается устаревшим</strong> с версии 2.0.0! Использование уровней для пользователей устарело. Используйте возможности.. in /var/www/u0352628/public_html/wizardduos.ru/wp-includes/functions.php on line 4115
[27-Apr-2019 12:29:48 UTC] PHP Notice:  Функция has_cap вызвана с аргументом, который <strong>считается устаревшим</strong> с версии 2.0.0! Использование уровней для пользователей устарело. Используйте возможности.. in /var/www/u0352628/public_html/wizardduos.ru/wp-includes/functions.php on line 4115
[27-Apr-2019 12:30:10 UTC] PHP Notice:  Функция has_cap вызвана с аргументом, который <strong>считается устаревшим</strong> с версии 2.0.0! Использование уровней для пользователей устарело. Используйте возможности.. in /var/www/u0352628/public_html/wizardduos.ru/wp-includes/functions.php on line 4115
[27-Apr-2019 12:30:10 UTC] PHP Notice:  Функция has_cap вызвана с аргументом, который <strong>считается устаревшим</strong> с версии 2.0.0! Использование уровней для пользователей устарело. Используйте возможности.. in /var/www/u0352628/public_html/wizardduos.ru/wp-includes/functions.php on line 4115
[27-Apr-2019 12:31:34 UTC] PHP Notice:  Функция has_cap вызвана с аргументом, который <strong>считается устаревшим</strong> с версии 2.0.0! Использование уровней для пользователей устарело. Используйте возможности.. in /var/www/u0352628/public_html/wizardduos.ru/wp-includes/functions.php on line 4115
[27-Apr-2019 12:31:34 UTC] PHP Notice:  Функция has_cap вызвана с аргументом, который <strong>считается устаревшим</strong> с версии 2.0.0! Использование уровней для пользователей устарело. Используйте возможности.. in /var/www/u0352628/public_html/wizardduos.ru/wp-includes/functions.php on line 4115
[27-Apr-2019 12:31:37 UTC] PHP Notice:  Функция has_cap вызвана с аргументом, который <strong>считается устаревшим</strong> с версии 2.0.0! Использование уровней для пользователей устарело. Используйте возможности.. in /var/www/u0352628/public_html/wizardduos.ru/wp-includes/functions.php on line 4115
[27-Apr-2019 12:31:39 UTC] PHP Notice:  Функция has_cap вызвана с аргументом, который <strong>считается устаревшим</strong> с версии 2.0.0! Использование уровней для пользователей устарело. Используйте возможности.. in /var/www/u0352628/public_html/wizardduos.ru/wp-includes/functions.php on line 4115
[27-Apr-2019 12:31:42 UTC] PHP Notice:  Функция has_cap вызвана с аргументом, который <strong>считается устаревшим</strong> с версии 2.0.0! Использование уровней для пользователей устарело. Используйте возможности.. in /var/www/u0352628/public_html/wizardduos.ru/wp-includes/functions.php on line 4115
[27-Apr-2019 12:31:43 UTC] PHP Notice:  Функция has_cap вызвана с аргументом, который <strong>считается устаревшим</strong> с версии 2.0.0! Использование уровней для пользователей устарело. Используйте возможности.. in /var/www/u0352628/public_html/wizardduos.ru/wp-includes/functions.php on line 4115
[27-Apr-2019 12:31:49 UTC] PHP Notice:  Функция has_cap вызвана с аргументом, который <strong>считается устаревшим</strong> с версии 2.0.0! Использование уровней для пользователей устарело. Используйте возможности.. in /var/www/u0352628/public_html/wizardduos.ru/wp-includes/functions.php on line 4115
[27-Apr-2019 12:31:49 UTC] PHP Notice:  Функция has_cap вызвана с аргументом, который <strong>считается устаревшим</strong> с версии 2.0.0! Использование уровней для пользователей устарело. Используйте возможности.. in /var/www/u0352628/public_html/wizardduos.ru/wp-includes/functions.php on line 4115
[27-Apr-2019 12:31:59 UTC] PHP Notice:  Функция has_cap вызвана с аргументом, который <strong>считается устаревшим</strong> с версии 2.0.0! Использование уровней для пользователей устарело. Используйте возможности.. in /var/www/u0352628/public_html/wizardduos.ru/wp-includes/functions.php on line 4115
[27-Apr-2019 12:31:59 UTC] PHP Notice:  Функция has_cap вызвана с аргументом, который <strong>считается устаревшим</strong> с версии 2.0.0! Использование уровней для пользователей устарело. Используйте возможности.. in /var/www/u0352628/public_html/wizardduos.ru/wp-includes/functions.php on line 4115
[27-Apr-2019 12:34:22 UTC] PHP Notice:  Функция has_cap вызвана с аргументом, который <strong>считается устаревшим</strong> с версии 2.0.0! Использование уровней для пользователей устарело. Используйте возможности.. in /var/www/u0352628/public_html/wizardduos.ru/wp-includes/functions.php on line 4115
[27-Apr-2019 12:34:22 UTC] PHP Notice:  Функция has_cap вызвана с аргументом, который <strong>считается устаревшим</strong> с версии 2.0.0! Использование уровней для пользователей устарело. Используйте возможности.. in /var/www/u0352628/public_html/wizardduos.ru/wp-includes/functions.php on line 4115
[27-Apr-2019 12:34:27 UTC] PHP Warning:  call_user_func_array() expects parameter 1 to be a valid callback, function 'si_captcha_unset_options' not found or invalid function name in /var/www/u0352628/public_html/wizardduos.ru/wp-includes/class-wp-hook.php on line 286
[27-Apr-2019 12:34:31 UTC] PHP Deprecated:  Non-static method JQueryColorbox::uninstallJqueryColorbox() should not be called statically in /var/www/u0352628/public_html/wizardduos.ru/wp-includes/class-wp-hook.php on line 286
